<?xml version="1.0" encoding="UTF-8"?>
<!-- Generated by org.testng.reporters.JUnitReportReporter -->
<testsuite skipped="0" hostname="DESKTOP-98QAHSS" name="com.studentapp.junit.studentsInfo.StudentsCRUDTestTestNG" tests="2" failures="0" timestamp="16 Apr 2018 11:34:34 GMT" time="5.501" errors="0">
  <testcase name="createStudent" time="5.300" classname="com.studentapp.junit.studentsInfo.StudentsCRUDTestTestNG"/>
  <testcase name="getStudent" time="0.201" classname="com.studentapp.junit.studentsInfo.StudentsCRUDTestTestNG"/>
</testsuite> <!-- com.studentapp.junit.studentsInfo.StudentsCRUDTestTestNG -->
